<?xml version="1.0" encoding="UTF-8"?>
<!-- Generated by org.testng.reporters.JUnitReportReporter -->
<testsuite hostname="DIN19001699" failures="0" tests="1" name="runner.RunCuke" time="29.149" errors="0" timestamp="2020-11-28T15:36:33 IST" skipped="0">
  <testcase classname="runner.RunCuke" name="runScenario" time="29.149"/>
  <system-out/>
</testsuite> <!-- runner.RunCuke -->
