<?xml version="1.0" encoding="UTF-8"?>
<!-- Generated by org.testng.reporters.JUnitReportReporter -->
<testsuite hostname="DIN19001699" failures="0" tests="1" name="seleniumTests.E2E_Test" time="5.233" errors="0" timestamp="2020-11-23T19:54:03 IST" skipped="0">
  <testcase classname="seleniumTests.E2E_Test" name="launchGoogleTest" time="5.233"/>
  <system-out/>
</testsuite> <!-- seleniumTests.E2E_Test -->
